<?xml version="1.0" encoding="UTF-8"?>
<!-- Generated by org.testng.reporters.JUnitReportReporter -->
<testsuite hostname="Mykhailo" name="MailCheck" tests="1" failures="0" timestamp="30 Mar 2015 14:40:11 GMT" time="14.405" errors="0">
  <testcase name="mailChecker" time="14.405" classname="MailCheck"/>
</testsuite> <!-- MailCheck -->
